lib/pingpp_one/build/outputs/logs/manifest-merger-debug-report.txt
-- Merging decision tree log ---
manifest
ADDED from lib\pingpp_one\AndroidManifest.xml:1:1-4:12
INJECTED from lib\pingpp_one\AndroidManifest.xml:1:1-4:12
INJECTED from lib\pingpp_one\AndroidManifest.xml:1:1-4:12
	package
		ADDED from lib\pingpp_one\AndroidManifest.xml:2:5-38
		INJECTED from lib\pingpp_one\AndroidManifest.xml
		INJECTED from lib\pingpp_one\AndroidManifest.xml
	xmlns:android
		ADDED from lib\pingpp_one\AndroidManifest.xml:1:11-69
uses-sdk
INJECTED from lib\pingpp_one\AndroidManifest.xml reason: use-sdk injection requested
INJECTED from lib\pingpp_one\AndroidManifest.xml
INJECTED from lib\pingpp_one\AndroidManifest.xml
INJECTED from lib\pingpp_one\AndroidManifest.xml
INJECTED from lib\pingpp_one\AndroidManifest.xml
	android:targetSdkVersion
		INJECTED from lib\pingpp_one\AndroidManifest.xml
		ADDED from lib\pingpp_one\AndroidManifest.xml
		INJECTED from lib\pingpp_one\AndroidManifest.xml
	android:minSdkVersion
		INJECTED from lib\pingpp_one\AndroidManifest.xml
		ADDED from lib\pingpp_one\AndroidManifest.xml
		INJECTED from lib\pingpp_one\AndroidManifest.xml